<?xml version="1.0" encoding="UTF-8"?>
<!-- Generated by org.testng.reporters.JUnitReportReporter -->
<testsuite skipped="0" hostname="Parag-PC" name="automationtesting1_Test.LoginPageTest" tests="1" failures="0" timestamp="01 Mar 2019 16:37:58 GMT" time="19.788" errors="0">
  <testcase name="EnterwithvalidUserNameTest" time="19.788" classname="automationtesting1_Test.LoginPageTest"/>
</testsuite> <!-- automationtesting1_Test.LoginPageTest -->
