<?xml version="1.0" encoding="UTF-8"?>
<!-- Generated by org.testng.reporters.JUnitReportReporter -->
<testsuite hostname="P2C-1SXS6C2" name="automationtesting1_Test.ScoreBoardPageTest" tests="2" failures="0" timestamp="14 Mar 2019 11:38:03 GMT" time="70.664" errors="0">
  <testcase name="ChangeTalentFlagsPageDialogTitleTest" time="37.410" classname="automationtesting1_Test.ScoreBoardPageTest"/>
  <testcase name="SelectDiffrentTalentOptionTest" time="33.254" classname="automationtesting1_Test.ScoreBoardPageTest"/>
</testsuite> <!-- automationtesting1_Test.ScoreBoardPageTest -->
