<?xml version="1.0" encoding="UTF-8"?>
<!-- Generated by org.testng.reporters.JUnitReportReporter -->
<testsuite hostname="P2C-1SXS6C2" name="automationtesting1_Test.HomePageTest" tests="2" failures="0" timestamp="12 Mar 2019 10:42:58 GMT" time="126.920" errors="0">
  <testcase name="SearchAndClickTheUserTest" time="66.544" classname="automationtesting1_Test.HomePageTest"/>
  <testcase name="SearchTheUserTest" time="60.376" classname="automationtesting1_Test.HomePageTest"/>
</testsuite> <!-- automationtesting1_Test.HomePageTest -->
