<?xml version="1.0" encoding="UTF-8"?>
<!-- Generated by org.testng.reporters.JUnitReportReporter -->
<testsuite hostname="P2C-1SXS6C2" name="automationtesting1_Test.HomePageTest" tests="3" failures="0" timestamp="12 Mar 2019 11:25:14 GMT" time="205.975" errors="0">
  <testcase name="SearchTheUserTest" time="60.053" classname="automationtesting1_Test.HomePageTest"/>
  <testcase name="SearchAndClickTheUserTest" time="72.027" classname="automationtesting1_Test.HomePageTest"/>
  <testcase name="ScoreBoardPageTileTest" time="73.895" classname="automationtesting1_Test.HomePageTest"/>
</testsuite> <!-- automationtesting1_Test.HomePageTest -->
